<?xml version="1.0"?>
<!DOCTYPE coverage SYSTEM "http://cobertura.sourceforge.net/xml/coverage-04.dtd">

<coverage line-rate="0.8646616541353384" branch-rate="0.9375" lines-covered="115" lines-valid="133" branches-covered="30" branches-valid="32" complexity="1.7333333333333334" version="2.1.1" timestamp="1461698652739">
	<sources>
		<source>--source</source>
		<source>/home/marko/ohtu/miniprojekti/src/main/java</source>
	</sources>
	<packages>
		<package name="references" line-rate="1.0" branch-rate="0.9166666666666666" complexity="1.375">
			<classes>
				<class name="references.Article" filename="references/Article.java" line-rate="1.0" branch-rate="1.0" complexity="1.0">
					<methods>
						<method name="&lt;init&gt;" signature="()V" line-rate="1.0" branch-rate="1.0" complexity="0">
							<lines>
								<line number="16" hits="10" branch="false"/>
								<line number="17" hits="10" branch="false"/>
								<line number="18" hits="10" branch="false"/>
								<line number="19" hits="10" branch="false"/>
							</lines>
						</method>
						<method name="getEntryType" signature="()Ljava/lang/String;" line-rate="1.0" branch-rate="1.0" complexity="0">
							<lines>
								<line number="28" hits="1" branch="false"/>
							</lines>
						</method>
					</methods>
					<lines>
						<line number="16" hits="10" branch="false"/>
						<line number="17" hits="10" branch="false"/>
						<line number="18" hits="10" branch="false"/>
						<line number="19" hits="10" branch="false"/>
						<line number="28" hits="1" branch="false"/>
					</lines>
				</class>
				<class name="references.Book" filename="references/Book.java" line-rate="1.0" branch-rate="1.0" complexity="1.0">
					<methods>
						<method name="&lt;init&gt;" signature="()V" line-rate="1.0" branch-rate="1.0" complexity="0">
							<lines>
								<line number="16" hits="12" branch="false"/>
								<line number="17" hits="12" branch="false"/>
								<line number="18" hits="12" branch="false"/>
								<line number="19" hits="12" branch="false"/>
							</lines>
						</method>
						<method name="getEntryType" signature="()Ljava/lang/String;" line-rate="1.0" branch-rate="1.0" complexity="0">
							<lines>
								<line number="29" hits="1" branch="false"/>
							</lines>
						</method>
					</methods>
					<lines>
						<line number="16" hits="12" branch="false"/>
						<line number="17" hits="12" branch="false"/>
						<line number="18" hits="12" branch="false"/>
						<line number="19" hits="12" branch="false"/>
						<line number="29" hits="1" branch="false"/>
					</lines>
				</class>
				<class name="references.EntryType" filename="references/EntryType.java" line-rate="1.0" branch-rate="0.9166666666666666" complexity="1.5">
					<methods>
						<method name="&lt;init&gt;" signature="()V" line-rate="1.0" branch-rate="1.0" complexity="0">
							<lines>
								<line number="14" hits="22" branch="false"/>
								<line number="15" hits="22" branch="false"/>
								<line number="16" hits="22" branch="false"/>
								<line number="17" hits="22" branch="false"/>
								<line number="18" hits="22" branch="false"/>
								<line number="19" hits="22" branch="false"/>
								<line number="20" hits="22" branch="false"/>
								<line number="21" hits="22" branch="false"/>
								<line number="22" hits="22" branch="false"/>
								<line number="23" hits="22" branch="false"/>
								<line number="24" hits="22" branch="false"/>
								<line number="25" hits="22" branch="false"/>
								<line number="26" hits="22" branch="false"/>
								<line number="27" hits="22" branch="false"/>
								<line number="29" hits="22" branch="false"/>
								<line number="30" hits="22" branch="false"/>
								<line number="31" hits="22" branch="false"/>
								<line number="32" hits="22" branch="false"/>
								<line number="33" hits="22" branch="false"/>
								<line number="34" hits="22" branch="false"/>
								<line number="35" hits="22" branch="false"/>
							</lines>
						</method>
						<method name="addFieldsToArrayList" signature="(Ljava/util/ArrayList;[Ljava/lang/String;)V" line-rate="1.0" branch-rate="1.0" complexity="0">
							<lines>
								<line number="69" hits="298" branch="true" condition-coverage="100% (2/2)">
									<conditions>
										<condition number="0" type="jump" coverage="100%"/>
									</conditions>
								</line>
								<line number="70" hits="232" branch="false"/>
								<line number="72" hits="66" branch="false"/>
							</lines>
						</method>
						<method name="addFieldsToHashMap" signature="(Ljava/util/HashMap;[Ljava/lang/String;)V" line-rate="1.0" branch-rate="1.0" complexity="0">
							<lines>
								<line number="75" hits="264" branch="true" condition-coverage="100% (2/2)">
									<conditions>
										<condition number="0" type="jump" coverage="100%"/>
									</conditions>
								</line>
								<line number="76" hits="242" branch="false"/>
								<line number="78" hits="22" branch="false"/>
							</lines>
						</method>
						<method name="addHeaderValue" signature="(Ljava/lang/String;Ljava/lang/String;)V" line-rate="1.0" branch-rate="0.75" complexity="0">
							<lines>
								<line number="38" hits="78" branch="true" condition-coverage="75% (3/4)">
									<conditions>
										<condition number="0" type="jump" coverage="100%"/>
										<condition number="1" type="jump" coverage="50%"/>
									</conditions>
								</line>
								<line number="39" hits="78" branch="false"/>
								<line number="41" hits="78" branch="false"/>
							</lines>
						</method>
						<method name="getValueFromHeader" signature="(Ljava/lang/String;)Ljava/lang/String;" line-rate="1.0" branch-rate="1.0" complexity="0">
							<lines>
								<line number="90" hits="35" branch="false"/>
							</lines>
						</method>
						<method name="returnAllHeaders" signature="()Ljava/util/Set;" line-rate="1.0" branch-rate="1.0" complexity="0">
							<lines>
								<line number="48" hits="6" branch="false"/>
							</lines>
						</method>
						<method name="returnNecessaryHeaders" signature="()Ljava/util/ArrayList;" line-rate="1.0" branch-rate="1.0" complexity="0">
							<lines>
								<line number="52" hits="6" branch="false"/>
							</lines>
						</method>
						<method name="returnOptionalHeaders" signature="()Ljava/util/ArrayList;" line-rate="1.0" branch-rate="1.0" complexity="0">
							<lines>
								<line number="56" hits="8" branch="false"/>
							</lines>
						</method>
						<method name="saveAll" signature="(Ljava/util/HashMap;)V" line-rate="1.0" branch-rate="1.0" complexity="0">
							<lines>
								<line number="60" hits="1" branch="true" condition-coverage="100% (2/2)">
									<conditions>
										<condition number="0" type="jump" coverage="100%"/>
									</conditions>
								</line>
								<line number="61" hits="4" branch="false"/>
								<line number="62" hits="4" branch="false"/>
								<line number="63" hits="1" branch="true" condition-coverage="100% (2/2)">
									<conditions>
										<condition number="0" type="jump" coverage="100%"/>
									</conditions>
								</line>
								<line number="64" hits="7" branch="false"/>
								<line number="65" hits="7" branch="false"/>
								<line number="66" hits="1" branch="false"/>
							</lines>
						</method>
					</methods>
					<lines>
						<line number="14" hits="22" branch="false"/>
						<line number="15" hits="22" branch="false"/>
						<line number="16" hits="22" branch="false"/>
						<line number="17" hits="22" branch="false"/>
						<line number="18" hits="22" branch="false"/>
						<line number="19" hits="22" branch="false"/>
						<line number="20" hits="22" branch="false"/>
						<line number="21" hits="22" branch="false"/>
						<line number="22" hits="22" branch="false"/>
						<line number="23" hits="22" branch="false"/>
						<line number="24" hits="22" branch="false"/>
						<line number="25" hits="22" branch="false"/>
						<line number="26" hits="22" branch="false"/>
						<line number="27" hits="22" branch="false"/>
						<line number="29" hits="22" branch="false"/>
						<line number="30" hits="22" branch="false"/>
						<line number="31" hits="22" branch="false"/>
						<line number="32" hits="22" branch="false"/>
						<line number="33" hits="22" branch="false"/>
						<line number="34" hits="22" branch="false"/>
						<line number="35" hits="22" branch="false"/>
						<line number="38" hits="78" branch="true" condition-coverage="75% (3/4)">
							<conditions>
								<condition number="0" type="jump" coverage="100%"/>
								<condition number="1" type="jump" coverage="50%"/>
							</conditions>
						</line>
						<line number="39" hits="78" branch="false"/>
						<line number="41" hits="78" branch="false"/>
						<line number="48" hits="6" branch="false"/>
						<line number="52" hits="6" branch="false"/>
						<line number="56" hits="8" branch="false"/>
						<line number="60" hits="1" branch="true" condition-coverage="100% (2/2)">
							<conditions>
								<condition number="0" type="jump" coverage="100%"/>
							</conditions>
						</line>
						<line number="61" hits="4" branch="false"/>
						<line number="62" hits="4" branch="false"/>
						<line number="63" hits="1" branch="true" condition-coverage="100% (2/2)">
							<conditions>
								<condition number="0" type="jump" coverage="100%"/>
							</conditions>
						</line>
						<line number="64" hits="7" branch="false"/>
						<line number="65" hits="7" branch="false"/>
						<line number="66" hits="1" branch="false"/>
						<line number="69" hits="298" branch="true" condition-coverage="100% (2/2)">
							<conditions>
								<condition number="0" type="jump" coverage="100%"/>
							</conditions>
						</line>
						<line number="70" hits="232" branch="false"/>
						<line number="72" hits="66" branch="false"/>
						<line number="75" hits="264" branch="true" condition-coverage="100% (2/2)">
							<conditions>
								<condition number="0" type="jump" coverage="100%"/>
							</conditions>
						</line>
						<line number="76" hits="242" branch="false"/>
						<line number="78" hits="22" branch="false"/>
						<line number="90" hits="35" branch="false"/>
					</lines>
				</class>
			</classes>
		</package>
		<package name="ryhma50.data_access" line-rate="0.7804878048780488" branch-rate="0.95" complexity="2.142857142857143">
			<classes>
				<class name="ryhma50.data_access.DAO" filename="ryhma50/data_access/DAO.java" line-rate="1.0" branch-rate="1.0" complexity="1.0">
					<methods>
					</methods>
					<lines>
					</lines>
				</class>
				<class name="ryhma50.data_access.FileDAO" filename="ryhma50/data_access/FileDAO.java" line-rate="0.7804878048780488" branch-rate="0.95" complexity="2.6">
					<methods>
						<method name="&lt;init&gt;" signature="(Ljava/lang/String;Lryhma50/io/IO;)V" line-rate="0.5714285714285714" branch-rate="1.0" complexity="0">
							<lines>
								<line number="36" hits="11" branch="false"/>
								<line number="37" hits="11" branch="false"/>
								<line number="38" hits="11" branch="false"/>
								<line number="41" hits="11" branch="false"/>
								<line number="43" hits="0" branch="false"/>
								<line number="44" hits="0" branch="false"/>
								<line number="45" hits="0" branch="false"/>
								<line number="46" hits="11" branch="false"/>
								<line number="47" hits="11" branch="false"/>
								<line number="48" hits="0" branch="false"/>
								<line number="49" hits="0" branch="false"/>
								<line number="50" hits="0" branch="false"/>
								<line number="51" hits="11" branch="false"/>
								<line number="52" hits="11" branch="false"/>
							</lines>
						</method>
						<method name="&lt;init&gt;" signature="(Lryhma50/io/IO;)V" line-rate="1.0" branch-rate="1.0" complexity="0">
							<lines>
								<line number="55" hits="6" branch="false"/>
								<line number="56" hits="6" branch="false"/>
							</lines>
						</method>
						<method name="add" signature="(Lreferences/EntryType;)V" line-rate="0.8888888888888888" branch-rate="0.875" complexity="0">
							<lines>
								<line number="68" hits="5" branch="false"/>
								<line number="69" hits="5" branch="true" condition-coverage="100% (4/4)">
									<conditions>
										<condition number="0" type="jump" coverage="100%"/>
										<condition number="1" type="jump" coverage="100%"/>
									</conditions>
								</line>
								<line number="70" hits="2" branch="false"/>
								<line number="72" hits="3" branch="true" condition-coverage="100% (2/2)">
									<conditions>
										<condition number="0" type="jump" coverage="100%"/>
									</conditions>
								</line>
								<line number="73" hits="1" branch="false"/>
								<line number="74" hits="2" branch="true" condition-coverage="50% (1/2)">
									<conditions>
										<condition number="0" type="jump" coverage="50%"/>
									</conditions>
								</line>
								<line number="75" hits="2" branch="false"/>
								<line number="77" hits="0" branch="false"/>
								<line number="80" hits="5" branch="false"/>
							</lines>
						</method>
						<method name="addArticle" signature="()V" line-rate="0.7692307692307693" branch-rate="1.0" complexity="0">
							<lines>
								<line number="104" hits="2" branch="false"/>
								<line number="105" hits="2" branch="true" condition-coverage="100% (2/2)">
									<conditions>
										<condition number="0" type="jump" coverage="100%"/>
									</conditions>
								</line>
								<line number="106" hits="24" branch="false"/>
								<line number="107" hits="24" branch="true" condition-coverage="100% (2/2)">
									<conditions>
										<condition number="0" type="jump" coverage="100%"/>
									</conditions>
								</line>
								<line number="108" hits="12" branch="false"/>
								<line number="110" hits="24" branch="false"/>
								<line number="111" hits="2" branch="false"/>
								<line number="112" hits="2" branch="false"/>
								<line number="113" hits="0" branch="false"/>
								<line number="114" hits="0" branch="false"/>
								<line number="115" hits="0" branch="false"/>
								<line number="116" hits="2" branch="false"/>
								<line number="117" hits="2" branch="false"/>
							</lines>
						</method>
						<method name="addBook" signature="()V" line-rate="0.8333333333333334" branch-rate="1.0" complexity="0">
							<lines>
								<line number="88" hits="1" branch="false"/>
								<line number="89" hits="1" branch="true" condition-coverage="100% (2/2)">
									<conditions>
										<condition number="0" type="jump" coverage="100%"/>
									</conditions>
								</line>
								<line number="90" hits="11" branch="false"/>
								<line number="91" hits="11" branch="true" condition-coverage="100% (2/2)">
									<conditions>
										<condition number="0" type="jump" coverage="100%"/>
									</conditions>
								</line>
								<line number="92" hits="5" branch="false"/>
								<line number="94" hits="11" branch="false"/>
								<line number="95" hits="1" branch="false"/>
								<line number="96" hits="1" branch="false"/>
								<line number="97" hits="0" branch="false"/>
								<line number="98" hits="0" branch="false"/>
								<line number="99" hits="1" branch="false"/>
								<line number="100" hits="1" branch="false"/>
							</lines>
						</method>
						<method name="closeWriting" signature="()V" line-rate="0.5714285714285714" branch-rate="1.0" complexity="0">
							<lines>
								<line number="152" hits="5" branch="false"/>
								<line number="153" hits="5" branch="false"/>
								<line number="154" hits="0" branch="false"/>
								<line number="155" hits="0" branch="false"/>
								<line number="156" hits="0" branch="false"/>
								<line number="157" hits="5" branch="false"/>
								<line number="158" hits="5" branch="false"/>
							</lines>
						</method>
						<method name="createScanner" signature="()Ljava/util/Scanner;" line-rate="0.5" branch-rate="1.0" complexity="0">
							<lines>
								<line number="141" hits="1" branch="false"/>
								<line number="142" hits="0" branch="false"/>
								<line number="143" hits="0" branch="false"/>
								<line number="144" hits="0" branch="false"/>
								<line number="145" hits="1" branch="false"/>
								<line number="146" hits="1" branch="false"/>
							</lines>
						</method>
						<method name="listAll" signature="()Ljava/util/List;" line-rate="1.0" branch-rate="1.0" complexity="0">
							<lines>
								<line number="60" hits="1" branch="false"/>
								<line number="61" hits="1" branch="false"/>
								<line number="62" hits="1" branch="false"/>
								<line number="63" hits="1" branch="false"/>
							</lines>
						</method>
						<method name="printAllReferencesInEasyReadFormat" signature="()Ljava/util/List;" line-rate="1.0" branch-rate="1.0" complexity="0">
							<lines>
								<line number="121" hits="1" branch="false"/>
								<line number="122" hits="1" branch="false"/>
								<line number="123" hits="10" branch="true" condition-coverage="100% (2/2)">
									<conditions>
										<condition number="0" type="jump" coverage="100%"/>
									</conditions>
								</line>
								<line number="124" hits="9" branch="false"/>
								<line number="125" hits="9" branch="true" condition-coverage="100% (2/2)">
									<conditions>
										<condition number="0" type="jump" coverage="100%"/>
									</conditions>
								</line>
								<line number="126" hits="1" branch="false"/>
								<line number="128" hits="8" branch="false"/>
								<line number="129" hits="8" branch="false"/>
								<line number="130" hits="8" branch="false"/>
								<line number="131" hits="8" branch="false"/>
								<line number="132" hits="8" branch="false"/>
								<line number="133" hits="8" branch="false"/>
								<line number="134" hits="8" branch="false"/>
								<line number="135" hits="1" branch="false"/>
								<line number="136" hits="1" branch="false"/>
							</lines>
						</method>
					</methods>
					<lines>
						<line number="36" hits="11" branch="false"/>
						<line number="37" hits="11" branch="false"/>
						<line number="38" hits="11" branch="false"/>
						<line number="41" hits="11" branch="false"/>
						<line number="43" hits="0" branch="false"/>
						<line number="44" hits="0" branch="false"/>
						<line number="45" hits="0" branch="false"/>
						<line number="46" hits="11" branch="false"/>
						<line number="47" hits="11" branch="false"/>
						<line number="48" hits="0" branch="false"/>
						<line number="49" hits="0" branch="false"/>
						<line number="50" hits="0" branch="false"/>
						<line number="51" hits="11" branch="false"/>
						<line number="52" hits="11" branch="false"/>
						<line number="55" hits="6" branch="false"/>
						<line number="56" hits="6" branch="false"/>
						<line number="60" hits="1" branch="false"/>
						<line number="61" hits="1" branch="false"/>
						<line number="62" hits="1" branch="false"/>
						<line number="63" hits="1" branch="false"/>
						<line number="68" hits="5" branch="false"/>
						<line number="69" hits="5" branch="true" condition-coverage="100% (4/4)">
							<conditions>
								<condition number="0" type="jump" coverage="100%"/>
								<condition number="1" type="jump" coverage="100%"/>
							</conditions>
						</line>
						<line number="70" hits="2" branch="false"/>
						<line number="72" hits="3" branch="true" condition-coverage="100% (2/2)">
							<conditions>
								<condition number="0" type="jump" coverage="100%"/>
							</conditions>
						</line>
						<line number="73" hits="1" branch="false"/>
						<line number="74" hits="2" branch="true" condition-coverage="50% (1/2)">
							<conditions>
								<condition number="0" type="jump" coverage="50%"/>
							</conditions>
						</line>
						<line number="75" hits="2" branch="false"/>
						<line number="77" hits="0" branch="false"/>
						<line number="80" hits="5" branch="false"/>
						<line number="88" hits="1" branch="false"/>
						<line number="89" hits="1" branch="true" condition-coverage="100% (2/2)">
							<conditions>
								<condition number="0" type="jump" coverage="100%"/>
							</conditions>
						</line>
						<line number="90" hits="11" branch="false"/>
						<line number="91" hits="11" branch="true" condition-coverage="100% (2/2)">
							<conditions>
								<condition number="0" type="jump" coverage="100%"/>
							</conditions>
						</line>
						<line number="92" hits="5" branch="false"/>
						<line number="94" hits="11" branch="false"/>
						<line number="95" hits="1" branch="false"/>
						<line number="96" hits="1" branch="false"/>
						<line number="97" hits="0" branch="false"/>
						<line number="98" hits="0" branch="false"/>
						<line number="99" hits="1" branch="false"/>
						<line number="100" hits="1" branch="false"/>
						<line number="104" hits="2" branch="false"/>
						<line number="105" hits="2" branch="true" condition-coverage="100% (2/2)">
							<conditions>
								<condition number="0" type="jump" coverage="100%"/>
							</conditions>
						</line>
						<line number="106" hits="24" branch="false"/>
						<line number="107" hits="24" branch="true" condition-coverage="100% (2/2)">
							<conditions>
								<condition number="0" type="jump" coverage="100%"/>
							</conditions>
						</line>
						<line number="108" hits="12" branch="false"/>
						<line number="110" hits="24" branch="false"/>
						<line number="111" hits="2" branch="false"/>
						<line number="112" hits="2" branch="false"/>
						<line number="113" hits="0" branch="false"/>
						<line number="114" hits="0" branch="false"/>
						<line number="115" hits="0" branch="false"/>
						<line number="116" hits="2" branch="false"/>
						<line number="117" hits="2" branch="false"/>
						<line number="121" hits="1" branch="false"/>
						<line number="122" hits="1" branch="false"/>
						<line number="123" hits="10" branch="true" condition-coverage="100% (2/2)">
							<conditions>
								<condition number="0" type="jump" coverage="100%"/>
							</conditions>
						</line>
						<line number="124" hits="9" branch="false"/>
						<line number="125" hits="9" branch="true" condition-coverage="100% (2/2)">
							<conditions>
								<condition number="0" type="jump" coverage="100%"/>
							</conditions>
						</line>
						<line number="126" hits="1" branch="false"/>
						<line number="128" hits="8" branch="false"/>
						<line number="129" hits="8" branch="false"/>
						<line number="130" hits="8" branch="false"/>
						<line number="131" hits="8" branch="false"/>
						<line number="132" hits="8" branch="false"/>
						<line number="133" hits="8" branch="false"/>
						<line number="134" hits="8" branch="false"/>
						<line number="135" hits="1" branch="false"/>
						<line number="136" hits="1" branch="false"/>
						<line number="141" hits="1" branch="false"/>
						<line number="142" hits="0" branch="false"/>
						<line number="143" hits="0" branch="false"/>
						<line number="144" hits="0" branch="false"/>
						<line number="145" hits="1" branch="false"/>
						<line number="146" hits="1" branch="false"/>
						<line number="152" hits="5" branch="false"/>
						<line number="153" hits="5" branch="false"/>
						<line number="154" hits="0" branch="false"/>
						<line number="155" hits="0" branch="false"/>
						<line number="156" hits="0" branch="false"/>
						<line number="157" hits="5" branch="false"/>
						<line number="158" hits="5" branch="false"/>
					</lines>
				</class>
			</classes>
		</package>
	</packages>
</coverage>
